# JRE version: OpenJDK Runtime Environment (8.0_60-b24) (build 1.8.0_60-b24)
# Java VM: OpenJDK 64-Bit Server VM (25.60-b23 mixed mode linux-amd64 compressed oops)
Heap:
 PSYoungGen      total 549888K, used 85126K [0x000000076ab00000, 0x0000000797880000, 0x00000007c0000000)
  eden space 368128K, 0% used [0x000000076ab00000,0x000000076ab00000,0x0000000781280000)
  from space 181760K, 46% used [0x000000078c380000,0x00000007916a1930,0x0000000797500000)
  to   space 181248K, 0% used [0x0000000781280000,0x0000000781280000,0x000000078c380000)
 ParOldGen       total 450048K, used 449772K [0x00000006c0000000, 0x00000006db780000, 0x000000076ab00000)
  object space 450048K, 99% used [0x00000006c0000000,0x00000006db73b048,0x00000006db780000)
 Metaspace       used 6075K, capacity 7216K, committed 7296K, reserved 1056768K
  class space    used 552K, capacity 616K, committed 640K, reserved 1048576K
GC Heap History (10 events):
Event: 55.393 GC heap after
Heap after GC invocations=20 (full 4):
 PSYoungGen      total 420864K, used 37412K [0x000000076ab00000, 0x000000078c600000, 0x00000007c0000000)
  eden space 316416K, 0% used [0x000000076ab00000,0x000000076ab00000,0x000000077e000000)
  from space 104448K, 35% used [0x0000000784d00000,0x0000000787189238,0x000000078b300000)
  to   space 111616K, 0% used [0x000000077e000000,0x000000077e000000,0x0000000784d00000)
 ParOldGen       total 450048K, used 300074K [0x00000006c0000000, 0x00000006db780000, 0x000000076ab00000)
  object space 450048K, 66% used [0x00000006c0000000,0x00000006d250ab90,0x00000006db780000)
 Metaspace       used 6019K, capacity 7152K, committed 7296K, reserved 1056768K
  class space    used 549K, capacity 616K, committed 640K, reserved 1048576K
}
Event: 59.178 GC heap before
{Heap before GC invocations=21 (full 4):
 PSYoungGen      total 420864K, used 353828K [0x000000076ab00000, 0x000000078c600000, 0x00000007c0000000)
  eden space 316416K, 100% used [0x000000076ab00000,0x000000077e000000,0x000000077e000000)
  from space 104448K, 35% used [0x0000000784d00000,0x0000000787189238,0x000000078b300000)
  to   space 111616K, 0% used [0x000000077e000000,0x000000077e000000,0x0000000784d00000)
 ParOldGen       total 450048K, used 300074K [0x00000006c0000000, 0x00000006db780000, 0x000000076ab00000)
  object space 450048K, 66% used [0x00000006c0000000,0x00000006d250ab90,0x00000006db780000)
 Metaspace       used 6025K, capacity 7152K, committed 7296K, reserved 1056768K
  class space    used 550K, capacity 616K, committed 640K, reserved 1048576K
Event: 59.614 GC heap after
Heap after GC invocations=21 (full 4):
 PSYoungGen      total 428032K, used 87514K [0x000000076ab00000, 0x000000078ee00000, 0x00000007c0000000)
  eden space 316416K, 0% used [0x000000076ab00000,0x000000076ab00000,0x000000077e000000)
  from space 111616K, 78% used [0x000000077e000000,0x0000000783576ab0,0x0000000784d00000)
  to   space 121344K, 0% used [0x0000000787780000,0x0000000787780000,0x000000078ee00000)
 ParOldGen       total 450048K, used 300082K [0x00000006c0000000, 0x00000006db780000, 0x000000076ab00000)
  object space 450048K, 66% used [0x00000006c0000000,0x00000006d250cb90,0x00000006db780000)
 Metaspace       used 6025K, capacity 7152K, committed 7296K, reserved 1056768K
  class space    used 550K, capacity 616K, committed 640K, reserved 1048576K
}
Event: 63.113 GC heap before
{Heap before GC invocations=22 (full 4):
 PSYoungGen      total 428032K, used 403930K [0x000000076ab00000, 0x000000078ee00000, 0x00000007c0000000)
  eden space 316416K, 100% used [0x000000076ab00000,0x000000077e000000,0x000000077e000000)
  from space 111616K, 78% used [0x000000077e000000,0x0000000783576ab0,0x0000000784d00000)
  to   space 121344K, 0% used [0x0000000787780000,0x0000000787780000,0x000000078ee00000)
 ParOldGen       total 450048K, used 300082K [0x00000006c0000000, 0x00000006db780000, 0x000000076ab00000)
  object space 450048K, 66% used [0x00000006c0000000,0x00000006d250cb90,0x00000006db780000)
 Metaspace       used 6029K, capacity 7152K, committed 7296K, reserved 1056768K
  class space    used 550K, capacity 616K, committed 640K, reserved 1048576K
Event: 63.589 GC heap after
Heap after GC invocations=22 (full 4):
 PSYoungGen      total 445952K, used 121317K [0x000000076ab00000, 0x0000000792280000, 0x00000007c0000000)
  eden space 324608K, 0% used [0x000000076ab00000,0x000000076ab00000,0x000000077e800000)
  from space 121344K, 99% used [0x0000000787780000,0x000000078edf9730,0x000000078ee00000)
  to   space 146944K, 0% used [0x000000077e800000,0x000000077e800000,0x0000000787780000)
 ParOldGen       total 450048K, used 316207K [0x00000006c0000000, 0x00000006db780000, 0x000000076ab00000)
  object space 450048K, 70% used [0x00000006c0000000,0x00000006d34cbc40,0x00000006db780000)
 Metaspace       used 6029K, capacity 7152K, committed 7296K, reserved 1056768K
  class space    used 550K, capacity 616K, committed 640K, reserved 1048576K
}
Event: 66.005 GC heap before
{Heap before GC invocations=23 (full 4):
 PSYoungGen      total 445952K, used 445925K [0x000000076ab00000, 0x0000000792280000, 0x00000007c0000000)
  eden space 324608K, 100% used [0x000000076ab00000,0x000000077e800000,0x000000077e800000)
  from space 121344K, 99% used [0x0000000787780000,0x000000078edf9730,0x000000078ee00000)
  to   space 146944K, 0% used [0x000000077e800000,0x000000077e800000,0x0000000787780000)
 ParOldGen       total 450048K, used 316207K [0x00000006c0000000, 0x00000006db780000, 0x000000076ab00000)
  object space 450048K, 70% used [0x00000006c0000000,0x00000006d34cbc40,0x00000006db780000)
 Metaspace       used 6038K, capacity 7152K, committed 7296K, reserved 1056768K
  class space    used 550K, capacity 616K, committed 640K, reserved 1048576K
Event: 66.500 GC heap after
Heap after GC invocations=23 (full 4):
 PSYoungGen      total 471552K, used 146942K [0x000000076ab00000, 0x0000000797500000, 0x00000007c0000000)
  eden space 324608K, 0% used [0x000000076ab00000,0x000000076ab00000,0x000000077e800000)
  from space 146944K, 99% used [0x000000077e800000,0x000000078777fa90,0x0000000787780000)
  to   space 181760K, 0% used [0x000000078c380000,0x000000078c380000,0x0000000797500000)
 ParOldGen       total 450048K, used 344668K [0x00000006c0000000, 0x00000006db780000, 0x000000076ab00000)
  object space 450048K, 76% used [0x00000006c0000000,0x00000006d5097318,0x00000006db780000)
 Metaspace       used 6038K, capacity 7152K, committed 7296K, reserved 1056768K
  class space    used 550K, capacity 616K, committed 640K, reserved 1048576K
}
Event: 69.843 GC heap before
{Heap before GC invocations=24 (full 4):
 PSYoungGen      total 471552K, used 471550K [0x000000076ab00000, 0x0000000797500000, 0x00000007c0000000)
  eden space 324608K, 100% used [0x000000076ab00000,0x000000077e800000,0x000000077e800000)
  from space 146944K, 99% used [0x000000077e800000,0x000000078777fa90,0x0000000787780000)
  to   space 181760K, 0% used [0x000000078c380000,0x000000078c380000,0x0000000797500000)
 ParOldGen       total 450048K, used 344668K [0x00000006c0000000, 0x00000006db780000, 0x000000076ab00000)
  object space 450048K, 76% used [0x00000006c0000000,0x00000006d5097318,0x00000006db780000)
 Metaspace       used 6075K, capacity 7216K, committed 7296K, reserved 1056768K
  class space    used 552K, capacity 616K, committed 640K, reserved 1048576K
Event: 70.605 GC heap after
Heap after GC invocations=24 (full 4):
 PSYoungGen      total 549888K, used 98915K [0x000000076ab00000, 0x0000000797880000, 0x00000007c0000000)
  eden space 368128K, 0% used [0x000000076ab00000,0x000000076ab00000,0x0000000781280000)
  from space 181760K, 54% used [0x000000078c380000,0x0000000792418f28,0x0000000797500000)
  to   space 181248K, 0% used [0x0000000781280000,0x0000000781280000,0x000000078c380000)
 ParOldGen       total 450048K, used 442798K [0x00000006c0000000, 0x00000006db780000, 0x000000076ab00000)
  object space 450048K, 98% used [0x00000006c0000000,0x00000006db06b858,0x00000006db780000)
 Metaspace       used 6075K, capacity 7216K, committed 7296K, reserved 1056768K
  class space    used 552K, capacity 616K, committed 640K, reserved 1048576K
}
Event: 70.605 GC heap before
{Heap before GC invocations=25 (full 5):
 PSYoungGen      total 549888K, used 98915K [0x000000076ab00000, 0x0000000797880000, 0x00000007c0000000)
  eden space 368128K, 0% used [0x000000076ab00000,0x000000076ab00000,0x0000000781280000)
  from space 181760K, 54% used [0x000000078c380000,0x0000000792418f28,0x0000000797500000)
  to   space 181248K, 0% used [0x0000000781280000,0x0000000781280000,0x000000078c380000)
 ParOldGen       total 450048K, used 442798K [0x00000006c0000000, 0x00000006db780000, 0x000000076ab00000)
  object space 450048K, 98% used [0x00000006c0000000,0x00000006db06b858,0x00000006db780000)
 Metaspace       used 6075K, capacity 7216K, committed 7296K, reserved 1056768K
  class space    used 552K, capacity 616K, committed 640K, reserved 1048576K

