# JRE version: OpenJDK Runtime Environment (8.0_60-b24) (build 1.8.0_60-b24)
# Java VM: OpenJDK 64-Bit Server VM (25.60-b23 mixed mode linux-amd64 compressed oops)
Heap:
 PSYoungGen      total 642560K, used 109587K [0x000000076ab00000, 0x000000079e980000, 0x00000007c0000000)
  eden space 446976K, 0% used [0x000000076ab00000,0x000000076ab00000,0x0000000785f80000)
  from space 195584K, 56% used [0x0000000792180000,0x0000000798c84e38,0x000000079e080000)
  to   space 198656K, 0% used [0x0000000785f80000,0x0000000785f80000,0x0000000792180000)
 ParOldGen       total 462848K, used 462761K [0x00000006c0000000, 0x00000006dc400000, 0x000000076ab00000)
  object space 462848K, 99% used [0x00000006c0000000,0x00000006dc3ea548,0x00000006dc400000)
 Metaspace       used 6091K, capacity 7216K, committed 7296K, reserved 1056768K
  class space    used 552K, capacity 616K, committed 640K, reserved 1048576K
GC Heap History (10 events):
Event: 40.955 GC heap after
Heap after GC invocations=20 (full 4):
 PSYoungGen      total 457728K, used 47020K [0x000000076ab00000, 0x000000078f200000, 0x00000007c0000000)
  eden space 350720K, 0% used [0x000000076ab00000,0x000000076ab00000,0x0000000780180000)
  from space 107008K, 43% used [0x0000000786f00000,0x0000000789ceb238,0x000000078d780000)
  to   space 112128K, 0% used [0x0000000780180000,0x0000000780180000,0x0000000786f00000)
 ParOldGen       total 444928K, used 302648K [0x00000006c0000000, 0x00000006db280000, 0x000000076ab00000)
  object space 444928K, 68% used [0x00000006c0000000,0x00000006d278e2e0,0x00000006db280000)
 Metaspace       used 6028K, capacity 7152K, committed 7296K, reserved 1056768K
  class space    used 550K, capacity 616K, committed 640K, reserved 1048576K
}
Event: 43.291 GC heap before
{Heap before GC invocations=21 (full 4):
 PSYoungGen      total 457728K, used 397740K [0x000000076ab00000, 0x000000078f200000, 0x00000007c0000000)
  eden space 350720K, 100% used [0x000000076ab00000,0x0000000780180000,0x0000000780180000)
  from space 107008K, 43% used [0x0000000786f00000,0x0000000789ceb238,0x000000078d780000)
  to   space 112128K, 0% used [0x0000000780180000,0x0000000780180000,0x0000000786f00000)
 ParOldGen       total 444928K, used 302648K [0x00000006c0000000, 0x00000006db280000, 0x000000076ab00000)
  object space 444928K, 68% used [0x00000006c0000000,0x00000006d278e2e0,0x00000006db280000)
 Metaspace       used 6031K, capacity 7152K, committed 7296K, reserved 1056768K
  class space    used 550K, capacity 616K, committed 640K, reserved 1048576K
Event: 43.667 GC heap after
Heap after GC invocations=21 (full 4):
 PSYoungGen      total 462848K, used 101338K [0x000000076ab00000, 0x0000000792e00000, 0x00000007c0000000)
  eden space 350720K, 0% used [0x000000076ab00000,0x000000076ab00000,0x0000000780180000)
  from space 112128K, 90% used [0x0000000780180000,0x00000007864768f8,0x0000000786f00000)
  to   space 126464K, 0% used [0x000000078b280000,0x000000078b280000,0x0000000792e00000)
 ParOldGen       total 444928K, used 302648K [0x00000006c0000000, 0x00000006db280000, 0x000000076ab00000)
  object space 444928K, 68% used [0x00000006c0000000,0x00000006d278e2e0,0x00000006db280000)
 Metaspace       used 6031K, capacity 7152K, committed 7296K, reserved 1056768K
  class space    used 550K, capacity 616K, committed 640K, reserved 1048576K
}
Event: 45.730 GC heap before
{Heap before GC invocations=22 (full 4):
 PSYoungGen      total 462848K, used 452058K [0x000000076ab00000, 0x0000000792e00000, 0x00000007c0000000)
  eden space 350720K, 100% used [0x000000076ab00000,0x0000000780180000,0x0000000780180000)
  from space 112128K, 90% used [0x0000000780180000,0x00000007864768f8,0x0000000786f00000)
  to   space 126464K, 0% used [0x000000078b280000,0x000000078b280000,0x0000000792e00000)
 ParOldGen       total 444928K, used 302648K [0x00000006c0000000, 0x00000006db280000, 0x000000076ab00000)
  object space 444928K, 68% used [0x00000006c0000000,0x00000006d278e2e0,0x00000006db280000)
 Metaspace       used 6042K, capacity 7152K, committed 7296K, reserved 1056768K
  class space    used 550K, capacity 616K, committed 640K, reserved 1048576K
Event: 49.518 GC heap after
Heap after GC invocations=22 (full 4):
 PSYoungGen      total 500224K, used 126462K [0x000000076ab00000, 0x0000000798280000, 0x00000007c0000000)
  eden space 373760K, 0% used [0x000000076ab00000,0x000000076ab00000,0x0000000781800000)
  from space 126464K, 99% used [0x000000078b280000,0x0000000792dff9e0,0x0000000792e00000)
  to   space 158208K, 0% used [0x0000000781800000,0x0000000781800000,0x000000078b280000)
 ParOldGen       total 444928K, used 333928K [0x00000006c0000000, 0x00000006db280000, 0x000000076ab00000)
  object space 444928K, 75% used [0x00000006c0000000,0x00000006d461a2e0,0x00000006db280000)
 Metaspace       used 6042K, capacity 7152K, committed 7296K, reserved 1056768K
  class space    used 550K, capacity 616K, committed 640K, reserved 1048576K
}
Event: 53.289 GC heap before
{Heap before GC invocations=23 (full 4):
 PSYoungGen      total 500224K, used 500222K [0x000000076ab00000, 0x0000000798280000, 0x00000007c0000000)
  eden space 373760K, 100% used [0x000000076ab00000,0x0000000781800000,0x0000000781800000)
  from space 126464K, 99% used [0x000000078b280000,0x0000000792dff9e0,0x0000000792e00000)
  to   space 158208K, 0% used [0x0000000781800000,0x0000000781800000,0x000000078b280000)
 ParOldGen       total 444928K, used 333928K [0x00000006c0000000, 0x00000006db280000, 0x000000076ab00000)
  object space 444928K, 75% used [0x00000006c0000000,0x00000006d461a2e0,0x00000006db280000)
 Metaspace       used 6081K, capacity 7216K, committed 7296K, reserved 1056768K
  class space    used 552K, capacity 616K, committed 640K, reserved 1048576K
Event: 53.665 GC heap after
Heap after GC invocations=23 (full 4):
 PSYoungGen      total 531968K, used 158180K [0x000000076ab00000, 0x000000079e080000, 0x00000007c0000000)
  eden space 373760K, 0% used [0x000000076ab00000,0x000000076ab00000,0x0000000781800000)
  from space 158208K, 99% used [0x0000000781800000,0x000000078b2792c8,0x000000078b280000)
  to   space 195584K, 0% used [0x0000000792180000,0x0000000792180000,0x000000079e080000)
 ParOldGen       total 444928K, used 362656K [0x00000006c0000000, 0x00000006db280000, 0x000000076ab00000)
  object space 444928K, 81% used [0x00000006c0000000,0x00000006d6228220,0x00000006db280000)
 Metaspace       used 6081K, capacity 7216K, committed 7296K, reserved 1056768K
  class space    used 552K, capacity 616K, committed 640K, reserved 1048576K
}
Event: 55.664 GC heap before
{Heap before GC invocations=24 (full 4):
 PSYoungGen      total 531968K, used 531940K [0x000000076ab00000, 0x000000079e080000, 0x00000007c0000000)
  eden space 373760K, 100% used [0x000000076ab00000,0x0000000781800000,0x0000000781800000)
  from space 158208K, 99% used [0x0000000781800000,0x000000078b2792c8,0x000000078b280000)
  to   space 195584K, 0% used [0x0000000792180000,0x0000000792180000,0x000000079e080000)
 ParOldGen       total 444928K, used 362656K [0x00000006c0000000, 0x00000006db280000, 0x000000076ab00000)
  object space 444928K, 81% used [0x00000006c0000000,0x00000006d6228220,0x00000006db280000)
 Metaspace       used 6091K, capacity 7216K, committed 7296K, reserved 1056768K
  class space    used 552K, capacity 616K, committed 640K, reserved 1048576K
Event: 56.512 GC heap after
Heap after GC invocations=24 (full 4):
 PSYoungGen      total 642560K, used 115924K [0x000000076ab00000, 0x000000079e980000, 0x00000007c0000000)
  eden space 446976K, 0% used [0x000000076ab00000,0x000000076ab00000,0x0000000785f80000)
  from space 195584K, 59% used [0x0000000792180000,0x00000007992b53d0,0x000000079e080000)
  to   space 198656K, 0% used [0x0000000785f80000,0x0000000785f80000,0x0000000792180000)
 ParOldGen       total 462848K, used 462789K [0x00000006c0000000, 0x00000006dc400000, 0x000000076ab00000)
  object space 462848K, 99% used [0x00000006c0000000,0x00000006dc3f1530,0x00000006dc400000)
 Metaspace       used 6091K, capacity 7216K, committed 7296K, reserved 1056768K
  class space    used 552K, capacity 616K, committed 640K, reserved 1048576K
}
Event: 56.515 GC heap before
{Heap before GC invocations=25 (full 5):
 PSYoungGen      total 642560K, used 115924K [0x000000076ab00000, 0x000000079e980000, 0x00000007c0000000)
  eden space 446976K, 0% used [0x000000076ab00000,0x000000076ab00000,0x0000000785f80000)
  from space 195584K, 59% used [0x0000000792180000,0x00000007992b53d0,0x000000079e080000)
  to   space 198656K, 0% used [0x0000000785f80000,0x0000000785f80000,0x0000000792180000)
 ParOldGen       total 462848K, used 462789K [0x00000006c0000000, 0x00000006dc400000, 0x000000076ab00000)
  object space 462848K, 99% used [0x00000006c0000000,0x00000006dc3f1530,0x00000006dc400000)
 Metaspace       used 6091K, capacity 7216K, committed 7296K, reserved 1056768K
  class space    used 552K, capacity 616K, committed 640K, reserved 1048576K

